<?xml version="1.0" encoding="UTF-8"?>
<!-- Generated by org.testng.reporters.JUnitReportReporter -->
<testsuite hostname="DESKTOP-P39CJOI" failures="0" tests="1" name="Runner.TrueValue_Runner" time="7.785" errors="0" timestamp="2024-01-01T17:37:19 IST" skipped="0">
  <testcase classname="Runner.TrueValue_Runner" name="Home_Page" time="7.785"/>
  <system-out/>
</testsuite> <!-- Runner.TrueValue_Runner -->
