<?xml version="1.0" encoding="UTF-8"?>
<!-- Generated by org.testng.reporters.JUnitReportReporter -->
<testsuite hostname="DESKTOP-P39CJOI" failures="0" tests="1" name="Runner.TrueValue_Runner" time="6.488" errors="0" timestamp="2024-01-06T08:49:59 IST" skipped="0">
  <testcase classname="Runner.TrueValue_Runner" name="Home_Page" time="6.488"/>
  <system-out/>
</testsuite> <!-- Runner.TrueValue_Runner -->
